{"numFailedTestSuites":1,"numFailedTests":8,"numPassedTestSuites":0,"numPassedTests":7,"numPendingTestSuites":0,"numPendingTests":0,"numRuntimeErrorTestSuites":0,"numTodoTests":0,"numTotalTestSuites":1,"numTotalTests":15,"openHandles":[],"snapshot":{"added":0,"didUpdate":false,"failure":false,"filesAdded":0,"filesRemoved":0,"filesRemovedList":[],"filesUnmatched":0,"filesUpdated":0,"matched":0,"total":0,"unchecked":0,"uncheckedKeysByFile":[],"unmatched":0,"updated":0},"startTime":1784375421808,"success":false,"testResults":[{"assertionResults":[{"ancestorTitles":["T-settings-products-R01: ProductListPage renders products in table rows"],"duration":198,"failureDetails":[],"failureMessages":[],"fullName":"T-settings-products-R01: ProductListPage renders products in table rows fetches products and renders table rows with names","invocations":1,"location":null,"numPassingAsserts":3,"retryReasons":[],"status":"passed","title":"fetches products and renders table rows with names"},{"ancestorTitles":["T-settings-products-R01: ProductListPage renders products in table rows"],"duration":30,"failureDetails":[],"failureMessages":[],"fullName":"T-settings-products-R01: ProductListPage renders products in table rows renders product name and type columns","invocations":1,"location":null,"numPassingAsserts":1,"retryReasons":[],"status":"passed","title":"renders product name and type columns"},{"ancestorTitles":["T-settings-products-R02: inline add product row"],"duration":77,"failureDetails":[],"failureMessages":[],"fullName":"T-settings-products-R02: inline add product row renders add-product button in table header","invocations":1,"location":null,"numPassingAsserts":1,"retryReasons":[],"status":"passed","title":"renders add-product button in table header"},{"ancestorTitles":["T-settings-products-R02: inline add product row"],"duration":146,"failureDetails":[],"failureMessages":[],"fullName":"T-settings-products-R02: inline add product row opens inline row with product fields when add button is clicked","invocations":1,"location":null,"numPassingAsserts":2,"retryReasons":[],"status":"passed","title":"opens inline row with product fields when add button is clicked"},{"ancestorTitles":["T-settings-products-R02: inline add product row"],"duration":494,"failureDetails":[],"failureMessages":[],"fullName":"T-settings-products-R02: inline add product row opens the new product detail page when magnifier is clicked","invocations":1,"location":null,"numPassingAsserts":1,"retryReasons":[],"status":"passed","title":"opens the new product detail page when magnifier is clicked"},{"ancestorTitles":["T-settings-products-R02: inline add product row"],"duration":128,"failureDetails":[],"failureMessages":[],"fullName":"T-settings-products-R02: inline add product row highlights the product name cell when magnifier is clicked with no name","invocations":1,"location":null,"numPassingAsserts":2,"retryReasons":[],"status":"passed","title":"highlights the product name cell when magnifier is clicked with no name"},{"ancestorTitles":["T-settings-products-R03: open product action navigates to detail"],"duration":76,"failureDetails":[],"failureMessages":[],"fullName":"T-settings-products-R03: open product action navigates to detail navigates to /settings/products/:id when open product is clicked","invocations":1,"location":null,"numPassingAsserts":1,"retryReasons":[],"status":"passed","title":"navigates to /settings/products/:id when open product is clicked"},{"ancestorTitles":["T-settings-products-R04: Product details page shows editable fields"],"duration":308,"failureDetails":[{"name":"TSError","diagnosticText":"\u001b[96msrc/settings/ProductConfigPage.tsx\u001b[0m:\u001b[93m265\u001b[0m:\u001b[93m9\u001b[0m - \u001b[91merror\u001b[0m\u001b[90m TS1128: \u001b[0mDeclaration or statement expected.\n\n\u001b[7m265\u001b[0m         )\n\u001b[7m   \u001b[0m \u001b[91m        ~\u001b[0m\n\u001b[96msrc/settings/ProductConfigPage.tsx\u001b[0m:\u001b[93m266\u001b[0m:\u001b[93m5\u001b[0m - \u001b[91merror\u001b[0m\u001b[90m TS1128: \u001b[0mDeclaration or statement expected.\n\n\u001b[7m266\u001b[0m     }\n\u001b[7m   \u001b[0m \u001b[91m    ~\u001b[0m\n\u001b[96msrc/settings/ProductConfigPage.tsx\u001b[0m:\u001b[93m650\u001b[0m:\u001b[93m70\u001b[0m - \u001b[91merror\u001b[0m\u001b[90m TS1005: \u001b[0m'...' expected.\n\n\u001b[7m650\u001b[0m                                                                     {coverage.id}\n\u001b[7m   \u001b[0m \u001b[91m                                                                     ~~~~~~~~\u001b[0m\n\u001b[96msrc/settings/ProductConfigPage.tsx\u001b[0m:\u001b[93m651\u001b[0m:\u001b[93m61\u001b[0m - \u001b[91merror\u001b[0m\u001b[90m TS1003: \u001b[0mIdentifier expected.\n\n\u001b[7m651\u001b[0m                                                             </td>\n\u001b[7m   \u001b[0m \u001b[91m                                                            ~~\u001b[0m\n\u001b[96msrc/settings/ProductConfigPage.tsx\u001b[0m:\u001b[93m698\u001b[0m:\u001b[93m78\u001b[0m - \u001b[91merror\u001b[0m\u001b[90m TS1005: \u001b[0m'...' expected.\n\n\u001b[7m698\u001b[0m                                                                             {detail.id}\n\u001b[7m   \u001b[0m \u001b[91m                                                                             ~~~~~~\u001b[0m\n\u001b[96msrc/settings/ProductConfigPage.tsx\u001b[0m:\u001b[93m700\u001b[0m:\u001b[93m73\u001b[0m - \u001b[91merror\u001b[0m\u001b[90m TS1003: \u001b[0mIdentifier expected.\n\n\u001b[7m700\u001b[0m                                                                         </button>\n\u001b[7m   \u001b[0m \u001b[91m                                                                        ~~\u001b[0m\n\u001b[96msrc/settings/ProductConfigPage.tsx\u001b[0m:\u001b[93m700\u001b[0m:\u001b[93m75\u001b[0m - \u001b[91merror\u001b[0m\u001b[90m TS17002: \u001b[0mExpected corresponding JSX closing tag for 'div'.\n\n\u001b[7m700\u001b[0m                                                                         </button>\n\u001b[7m   \u001b[0m \u001b[91m                                                                          ~~~~~~\u001b[0m\n\u001b[96msrc/settings/ProductConfigPage.tsx\u001b[0m:\u001b[93m709\u001b[0m:\u001b[93m69\u001b[0m - \u001b[91merror\u001b[0m\u001b[90m TS1382: \u001b[0mUnexpected token. Did you mean `{'>'}` or `&gt;`?\n\n\u001b[7m709\u001b[0m                                                                     >\n\u001b[7m   \u001b[0m \u001b[91m                                                                    ~\u001b[0m\n\u001b[96msrc/settings/ProductConfigPage.tsx\u001b[0m:\u001b[93m760\u001b[0m:\u001b[93m1\u001b[0m - \u001b[91merror\u001b[0m\u001b[90m TS1128: \u001b[0mDeclaration or statement expected.\n\n\u001b[7m760\u001b[0m }\n\u001b[7m   \u001b[0m \u001b[91m~\u001b[0m\n","diagnosticCodes":[1128,1128,1005,1003,1005,1003,17002,1382,1128]}],"failureMessages":[""],"fullName":"T-settings-products-R04: Product details page shows editable fields fetches product and displays Name in an editable input","invocations":1,"location":null,"numPassingAsserts":0,"retryReasons":[],"status":"failed","title":"fetches product and displays Name in an editable input"},{"ancestorTitles":["T-settings-products-R04: Product details page shows editable fields"],"duration":113,"failureDetails":[{"name":"TSError","diagnosticText":"\u001b[96msrc/settings/ProductConfigPage.tsx\u001b[0m:\u001b[93m265\u001b[0m:\u001b[93m9\u001b[0m - \u001b[91merror\u001b[0m\u001b[90m TS1128: \u001b[0mDeclaration or statement expected.\n\n\u001b[7m265\u001b[0m         )\n\u001b[7m   \u001b[0m \u001b[91m        ~\u001b[0m\n\u001b[96msrc/settings/ProductConfigPage.tsx\u001b[0m:\u001b[93m266\u001b[0m:\u001b[93m5\u001b[0m - \u001b[91merror\u001b[0m\u001b[90m TS1128: \u001b[0mDeclaration or statement expected.\n\n\u001b[7m266\u001b[0m     }\n\u001b[7m   \u001b[0m \u001b[91m    ~\u001b[0m\n\u001b[96msrc/settings/ProductConfigPage.tsx\u001b[0m:\u001b[93m650\u001b[0m:\u001b[93m70\u001b[0m - \u001b[91merror\u001b[0m\u001b[90m TS1005: \u001b[0m'...' expected.\n\n\u001b[7m650\u001b[0m                                                                     {coverage.id}\n\u001b[7m   \u001b[0m \u001b[91m                                                                     ~~~~~~~~\u001b[0m\n\u001b[96msrc/settings/ProductConfigPage.tsx\u001b[0m:\u001b[93m651\u001b[0m:\u001b[93m61\u001b[0m - \u001b[91merror\u001b[0m\u001b[90m TS1003: \u001b[0mIdentifier expected.\n\n\u001b[7m651\u001b[0m                                                             </td>\n\u001b[7m   \u001b[0m \u001b[91m                                                            ~~\u001b[0m\n\u001b[96msrc/settings/ProductConfigPage.tsx\u001b[0m:\u001b[93m698\u001b[0m:\u001b[93m78\u001b[0m - \u001b[91merror\u001b[0m\u001b[90m TS1005: \u001b[0m'...' expected.\n\n\u001b[7m698\u001b[0m                                                                             {detail.id}\n\u001b[7m   \u001b[0m \u001b[91m                                                                             ~~~~~~\u001b[0m\n\u001b[96msrc/settings/ProductConfigPage.tsx\u001b[0m:\u001b[93m700\u001b[0m:\u001b[93m73\u001b[0m - \u001b[91merror\u001b[0m\u001b[90m TS1003: \u001b[0mIdentifier expected.\n\n\u001b[7m700\u001b[0m                                                                         </button>\n\u001b[7m   \u001b[0m \u001b[91m                                                                        ~~\u001b[0m\n\u001b[96msrc/settings/ProductConfigPage.tsx\u001b[0m:\u001b[93m700\u001b[0m:\u001b[93m75\u001b[0m - \u001b[91merror\u001b[0m\u001b[90m TS17002: \u001b[0mExpected corresponding JSX closing tag for 'div'.\n\n\u001b[7m700\u001b[0m                                                                         </button>\n\u001b[7m   \u001b[0m \u001b[91m                                                                          ~~~~~~\u001b[0m\n\u001b[96msrc/settings/ProductConfigPage.tsx\u001b[0m:\u001b[93m709\u001b[0m:\u001b[93m69\u001b[0m - \u001b[91merror\u001b[0m\u001b[90m TS1382: \u001b[0mUnexpected token. Did you mean `{'>'}` or `&gt;`?\n\n\u001b[7m709\u001b[0m                                                                     >\n\u001b[7m   \u001b[0m \u001b[91m                                                                    ~\u001b[0m\n\u001b[96msrc/settings/ProductConfigPage.tsx\u001b[0m:\u001b[93m760\u001b[0m:\u001b[93m1\u001b[0m - \u001b[91merror\u001b[0m\u001b[90m TS1128: \u001b[0mDeclaration or statement expected.\n\n\u001b[7m760\u001b[0m }\n\u001b[7m   \u001b[0m \u001b[91m~\u001b[0m\n","diagnosticCodes":[1128,1128,1005,1003,1005,1003,17002,1382,1128]}],"failureMessages":[""],"fullName":"T-settings-products-R04: Product details page shows editable fields Save action calls PUT and shows toast","invocations":1,"location":null,"numPassingAsserts":0,"retryReasons":[],"status":"failed","title":"Save action calls PUT and shows toast"},{"ancestorTitles":["T-settings-products-R04: Product details page shows editable fields"],"duration":61,"failureDetails":[{"name":"TSError","diagnosticText":"\u001b[96msrc/settings/ProductConfigPage.tsx\u001b[0m:\u001b[93m265\u001b[0m:\u001b[93m9\u001b[0m - \u001b[91merror\u001b[0m\u001b[90m TS1128: \u001b[0mDeclaration or statement expected.\n\n\u001b[7m265\u001b[0m         )\n\u001b[7m   \u001b[0m \u001b[91m        ~\u001b[0m\n\u001b[96msrc/settings/ProductConfigPage.tsx\u001b[0m:\u001b[93m266\u001b[0m:\u001b[93m5\u001b[0m - \u001b[91merror\u001b[0m\u001b[90m TS1128: \u001b[0mDeclaration or statement expected.\n\n\u001b[7m266\u001b[0m     }\n\u001b[7m   \u001b[0m \u001b[91m    ~\u001b[0m\n\u001b[96msrc/settings/ProductConfigPage.tsx\u001b[0m:\u001b[93m650\u001b[0m:\u001b[93m70\u001b[0m - \u001b[91merror\u001b[0m\u001b[90m TS1005: \u001b[0m'...' expected.\n\n\u001b[7m650\u001b[0m                                                                     {coverage.id}\n\u001b[7m   \u001b[0m \u001b[91m                                                                     ~~~~~~~~\u001b[0m\n\u001b[96msrc/settings/ProductConfigPage.tsx\u001b[0m:\u001b[93m651\u001b[0m:\u001b[93m61\u001b[0m - \u001b[91merror\u001b[0m\u001b[90m TS1003: \u001b[0mIdentifier expected.\n\n\u001b[7m651\u001b[0m                                                             </td>\n\u001b[7m   \u001b[0m \u001b[91m                                                            ~~\u001b[0m\n\u001b[96msrc/settings/ProductConfigPage.tsx\u001b[0m:\u001b[93m698\u001b[0m:\u001b[93m78\u001b[0m - \u001b[91merror\u001b[0m\u001b[90m TS1005: \u001b[0m'...' expected.\n\n\u001b[7m698\u001b[0m                                                                             {detail.id}\n\u001b[7m   \u001b[0m \u001b[91m                                                                             ~~~~~~\u001b[0m\n\u001b[96msrc/settings/ProductConfigPage.tsx\u001b[0m:\u001b[93m700\u001b[0m:\u001b[93m73\u001b[0m - \u001b[91merror\u001b[0m\u001b[90m TS1003: \u001b[0mIdentifier expected.\n\n\u001b[7m700\u001b[0m                                                                         </button>\n\u001b[7m   \u001b[0m \u001b[91m                                                                        ~~\u001b[0m\n\u001b[96msrc/settings/ProductConfigPage.tsx\u001b[0m:\u001b[93m700\u001b[0m:\u001b[93m75\u001b[0m - \u001b[91merror\u001b[0m\u001b[90m TS17002: \u001b[0mExpected corresponding JSX closing tag for 'div'.\n\n\u001b[7m700\u001b[0m                                                                         </button>\n\u001b[7m   \u001b[0m \u001b[91m                                                                          ~~~~~~\u001b[0m\n\u001b[96msrc/settings/ProductConfigPage.tsx\u001b[0m:\u001b[93m709\u001b[0m:\u001b[93m69\u001b[0m - \u001b[91merror\u001b[0m\u001b[90m TS1382: \u001b[0mUnexpected token. Did you mean `{'>'}` or `&gt;`?\n\n\u001b[7m709\u001b[0m                                                                     >\n\u001b[7m   \u001b[0m \u001b[91m                                                                    ~\u001b[0m\n\u001b[96msrc/settings/ProductConfigPage.tsx\u001b[0m:\u001b[93m760\u001b[0m:\u001b[93m1\u001b[0m - \u001b[91merror\u001b[0m\u001b[90m TS1128: \u001b[0mDeclaration or statement expected.\n\n\u001b[7m760\u001b[0m }\n\u001b[7m   \u001b[0m \u001b[91m~\u001b[0m\n","diagnosticCodes":[1128,1128,1005,1003,1005,1003,17002,1382,1128]}],"failureMessages":[""],"fullName":"T-settings-products-R04: Product details page shows editable fields renders Year of Account label","invocations":1,"location":null,"numPassingAsserts":0,"retryReasons":[],"status":"failed","title":"renders Year of Account label"},{"ancestorTitles":["T-settings-products-R04: Product details page shows editable fields"],"duration":70,"failureDetails":[{"name":"TSError","diagnosticText":"\u001b[96msrc/settings/ProductConfigPage.tsx\u001b[0m:\u001b[93m265\u001b[0m:\u001b[93m9\u001b[0m - \u001b[91merror\u001b[0m\u001b[90m TS1128: \u001b[0mDeclaration or statement expected.\n\n\u001b[7m265\u001b[0m         )\n\u001b[7m   \u001b[0m \u001b[91m        ~\u001b[0m\n\u001b[96msrc/settings/ProductConfigPage.tsx\u001b[0m:\u001b[93m266\u001b[0m:\u001b[93m5\u001b[0m - \u001b[91merror\u001b[0m\u001b[90m TS1128: \u001b[0mDeclaration or statement expected.\n\n\u001b[7m266\u001b[0m     }\n\u001b[7m   \u001b[0m \u001b[91m    ~\u001b[0m\n\u001b[96msrc/settings/ProductConfigPage.tsx\u001b[0m:\u001b[93m650\u001b[0m:\u001b[93m70\u001b[0m - \u001b[91merror\u001b[0m\u001b[90m TS1005: \u001b[0m'...' expected.\n\n\u001b[7m650\u001b[0m                                                                     {coverage.id}\n\u001b[7m   \u001b[0m \u001b[91m                                                                     ~~~~~~~~\u001b[0m\n\u001b[96msrc/settings/ProductConfigPage.tsx\u001b[0m:\u001b[93m651\u001b[0m:\u001b[93m61\u001b[0m - \u001b[91merror\u001b[0m\u001b[90m TS1003: \u001b[0mIdentifier expected.\n\n\u001b[7m651\u001b[0m                                                             </td>\n\u001b[7m   \u001b[0m \u001b[91m                                                            ~~\u001b[0m\n\u001b[96msrc/settings/ProductConfigPage.tsx\u001b[0m:\u001b[93m698\u001b[0m:\u001b[93m78\u001b[0m - \u001b[91merror\u001b[0m\u001b[90m TS1005: \u001b[0m'...' expected.\n\n\u001b[7m698\u001b[0m                                                                             {detail.id}\n\u001b[7m   \u001b[0m \u001b[91m                                                                             ~~~~~~\u001b[0m\n\u001b[96msrc/settings/ProductConfigPage.tsx\u001b[0m:\u001b[93m700\u001b[0m:\u001b[93m73\u001b[0m - \u001b[91merror\u001b[0m\u001b[90m TS1003: \u001b[0mIdentifier expected.\n\n\u001b[7m700\u001b[0m                                                                         </button>\n\u001b[7m   \u001b[0m \u001b[91m                                                                        ~~\u001b[0m\n\u001b[96msrc/settings/ProductConfigPage.tsx\u001b[0m:\u001b[93m700\u001b[0m:\u001b[93m75\u001b[0m - \u001b[91merror\u001b[0m\u001b[90m TS17002: \u001b[0mExpected corresponding JSX closing tag for 'div'.\n\n\u001b[7m700\u001b[0m                                                                         </button>\n\u001b[7m   \u001b[0m \u001b[91m                                                                          ~~~~~~\u001b[0m\n\u001b[96msrc/settings/ProductConfigPage.tsx\u001b[0m:\u001b[93m709\u001b[0m:\u001b[93m69\u001b[0m - \u001b[91merror\u001b[0m\u001b[90m TS1382: \u001b[0mUnexpected token. Did you mean `{'>'}` or `&gt;`?\n\n\u001b[7m709\u001b[0m                                                                     >\n\u001b[7m   \u001b[0m \u001b[91m                                                                    ~\u001b[0m\n\u001b[96msrc/settings/ProductConfigPage.tsx\u001b[0m:\u001b[93m760\u001b[0m:\u001b[93m1\u001b[0m - \u001b[91merror\u001b[0m\u001b[90m TS1128: \u001b[0mDeclaration or statement expected.\n\n\u001b[7m760\u001b[0m }\n\u001b[7m   \u001b[0m \u001b[91m~\u001b[0m\n","diagnosticCodes":[1128,1128,1005,1003,1005,1003,17002,1382,1128]}],"failureMessages":[""],"fullName":"T-settings-products-R04: Product details page shows editable fields highlights the name field when saving with an empty name","invocations":1,"location":null,"numPassingAsserts":0,"retryReasons":[],"status":"failed","title":"highlights the name field when saving with an empty name"},{"ancestorTitles":["T-settings-products-R04b: new product detail route opens without an id"],"duration":78,"failureDetails":[{"name":"TSError","diagnosticText":"\u001b[96msrc/settings/ProductConfigPage.tsx\u001b[0m:\u001b[93m265\u001b[0m:\u001b[93m9\u001b[0m - \u001b[91merror\u001b[0m\u001b[90m TS1128: \u001b[0mDeclaration or statement expected.\n\n\u001b[7m265\u001b[0m         )\n\u001b[7m   \u001b[0m \u001b[91m        ~\u001b[0m\n\u001b[96msrc/settings/ProductConfigPage.tsx\u001b[0m:\u001b[93m266\u001b[0m:\u001b[93m5\u001b[0m - \u001b[91merror\u001b[0m\u001b[90m TS1128: \u001b[0mDeclaration or statement expected.\n\n\u001b[7m266\u001b[0m     }\n\u001b[7m   \u001b[0m \u001b[91m    ~\u001b[0m\n\u001b[96msrc/settings/ProductConfigPage.tsx\u001b[0m:\u001b[93m650\u001b[0m:\u001b[93m70\u001b[0m - \u001b[91merror\u001b[0m\u001b[90m TS1005: \u001b[0m'...' expected.\n\n\u001b[7m650\u001b[0m                                                                     {coverage.id}\n\u001b[7m   \u001b[0m \u001b[91m                                                                     ~~~~~~~~\u001b[0m\n\u001b[96msrc/settings/ProductConfigPage.tsx\u001b[0m:\u001b[93m651\u001b[0m:\u001b[93m61\u001b[0m - \u001b[91merror\u001b[0m\u001b[90m TS1003: \u001b[0mIdentifier expected.\n\n\u001b[7m651\u001b[0m                                                             </td>\n\u001b[7m   \u001b[0m \u001b[91m                                                            ~~\u001b[0m\n\u001b[96msrc/settings/ProductConfigPage.tsx\u001b[0m:\u001b[93m698\u001b[0m:\u001b[93m78\u001b[0m - \u001b[91merror\u001b[0m\u001b[90m TS1005: \u001b[0m'...' expected.\n\n\u001b[7m698\u001b[0m                                                                             {detail.id}\n\u001b[7m   \u001b[0m \u001b[91m                                                                             ~~~~~~\u001b[0m\n\u001b[96msrc/settings/ProductConfigPage.tsx\u001b[0m:\u001b[93m700\u001b[0m:\u001b[93m73\u001b[0m - \u001b[91merror\u001b[0m\u001b[90m TS1003: \u001b[0mIdentifier expected.\n\n\u001b[7m700\u001b[0m                                                                         </button>\n\u001b[7m   \u001b[0m \u001b[91m                                                                        ~~\u001b[0m\n\u001b[96msrc/settings/ProductConfigPage.tsx\u001b[0m:\u001b[93m700\u001b[0m:\u001b[93m75\u001b[0m - \u001b[91merror\u001b[0m\u001b[90m TS17002: \u001b[0mExpected corresponding JSX closing tag for 'div'.\n\n\u001b[7m700\u001b[0m                                                                         </button>\n\u001b[7m   \u001b[0m \u001b[91m                                                                          ~~~~~~\u001b[0m\n\u001b[96msrc/settings/ProductConfigPage.tsx\u001b[0m:\u001b[93m709\u001b[0m:\u001b[93m69\u001b[0m - \u001b[91merror\u001b[0m\u001b[90m TS1382: \u001b[0mUnexpected token. Did you mean `{'>'}` or `&gt;`?\n\n\u001b[7m709\u001b[0m                                                                     >\n\u001b[7m   \u001b[0m \u001b[91m                                                                    ~\u001b[0m\n\u001b[96msrc/settings/ProductConfigPage.tsx\u001b[0m:\u001b[93m760\u001b[0m:\u001b[93m1\u001b[0m - \u001b[91merror\u001b[0m\u001b[90m TS1128: \u001b[0mDeclaration or statement expected.\n\n\u001b[7m760\u001b[0m }\n\u001b[7m   \u001b[0m \u001b[91m~\u001b[0m\n","diagnosticCodes":[1128,1128,1005,1003,1005,1003,17002,1382,1128]}],"failureMessages":[""],"fullName":"T-settings-products-R04b: new product detail route opens without an id renders a blank Product Configuration page for /settings/products/new","invocations":1,"location":null,"numPassingAsserts":0,"retryReasons":[],"status":"failed","title":"renders a blank Product Configuration page for /settings/products/new"},{"ancestorTitles":["T-settings-products-R05: Product details tabs and audit history"],"duration":46,"failureDetails":[{"name":"TSError","diagnosticText":"\u001b[96msrc/settings/ProductConfigPage.tsx\u001b[0m:\u001b[93m265\u001b[0m:\u001b[93m9\u001b[0m - \u001b[91merror\u001b[0m\u001b[90m TS1128: \u001b[0mDeclaration or statement expected.\n\n\u001b[7m265\u001b[0m         )\n\u001b[7m   \u001b[0m \u001b[91m        ~\u001b[0m\n\u001b[96msrc/settings/ProductConfigPage.tsx\u001b[0m:\u001b[93m266\u001b[0m:\u001b[93m5\u001b[0m - \u001b[91merror\u001b[0m\u001b[90m TS1128: \u001b[0mDeclaration or statement expected.\n\n\u001b[7m266\u001b[0m     }\n\u001b[7m   \u001b[0m \u001b[91m    ~\u001b[0m\n\u001b[96msrc/settings/ProductConfigPage.tsx\u001b[0m:\u001b[93m650\u001b[0m:\u001b[93m70\u001b[0m - \u001b[91merror\u001b[0m\u001b[90m TS1005: \u001b[0m'...' expected.\n\n\u001b[7m650\u001b[0m                                                                     {coverage.id}\n\u001b[7m   \u001b[0m \u001b[91m                                                                     ~~~~~~~~\u001b[0m\n\u001b[96msrc/settings/ProductConfigPage.tsx\u001b[0m:\u001b[93m651\u001b[0m:\u001b[93m61\u001b[0m - \u001b[91merror\u001b[0m\u001b[90m TS1003: \u001b[0mIdentifier expected.\n\n\u001b[7m651\u001b[0m                                                             </td>\n\u001b[7m   \u001b[0m \u001b[91m                                                            ~~\u001b[0m\n\u001b[96msrc/settings/ProductConfigPage.tsx\u001b[0m:\u001b[93m698\u001b[0m:\u001b[93m78\u001b[0m - \u001b[91merror\u001b[0m\u001b[90m TS1005: \u001b[0m'...' expected.\n\n\u001b[7m698\u001b[0m                                                                             {detail.id}\n\u001b[7m   \u001b[0m \u001b[91m                                                                             ~~~~~~\u001b[0m\n\u001b[96msrc/settings/ProductConfigPage.tsx\u001b[0m:\u001b[93m700\u001b[0m:\u001b[93m73\u001b[0m - \u001b[91merror\u001b[0m\u001b[90m TS1003: \u001b[0mIdentifier expected.\n\n\u001b[7m700\u001b[0m                                                                         </button>\n\u001b[7m   \u001b[0m \u001b[91m                                                                        ~~\u001b[0m\n\u001b[96msrc/settings/ProductConfigPage.tsx\u001b[0m:\u001b[93m700\u001b[0m:\u001b[93m75\u001b[0m - \u001b[91merror\u001b[0m\u001b[90m TS17002: \u001b[0mExpected corresponding JSX closing tag for 'div'.\n\n\u001b[7m700\u001b[0m                                                                         </button>\n\u001b[7m   \u001b[0m \u001b[91m                                                                          ~~~~~~\u001b[0m\n\u001b[96msrc/settings/ProductConfigPage.tsx\u001b[0m:\u001b[93m709\u001b[0m:\u001b[93m69\u001b[0m - \u001b[91merror\u001b[0m\u001b[90m TS1382: \u001b[0mUnexpected token. Did you mean `{'>'}` or `&gt;`?\n\n\u001b[7m709\u001b[0m                                                                     >\n\u001b[7m   \u001b[0m \u001b[91m                                                                    ~\u001b[0m\n\u001b[96msrc/settings/ProductConfigPage.tsx\u001b[0m:\u001b[93m760\u001b[0m:\u001b[93m1\u001b[0m - \u001b[91merror\u001b[0m\u001b[90m TS1128: \u001b[0mDeclaration or statement expected.\n\n\u001b[7m760\u001b[0m }\n\u001b[7m   \u001b[0m \u001b[91m~\u001b[0m\n","diagnosticCodes":[1128,1128,1005,1003,1005,1003,17002,1382,1128]}],"failureMessages":[""],"fullName":"T-settings-products-R05: Product details tabs and audit history renders Product Details and Audit tabs","invocations":1,"location":null,"numPassingAsserts":0,"retryReasons":[],"status":"failed","title":"renders Product Details and Audit tabs"},{"ancestorTitles":["T-settings-products-R05: Product details tabs and audit history"],"duration":53,"failureDetails":[{"name":"TSError","diagnosticText":"\u001b[96msrc/settings/ProductConfigPage.tsx\u001b[0m:\u001b[93m265\u001b[0m:\u001b[93m9\u001b[0m - \u001b[91merror\u001b[0m\u001b[90m TS1128: \u001b[0mDeclaration or statement expected.\n\n\u001b[7m265\u001b[0m         )\n\u001b[7m   \u001b[0m \u001b[91m        ~\u001b[0m\n\u001b[96msrc/settings/ProductConfigPage.tsx\u001b[0m:\u001b[93m266\u001b[0m:\u001b[93m5\u001b[0m - \u001b[91merror\u001b[0m\u001b[90m TS1128: \u001b[0mDeclaration or statement expected.\n\n\u001b[7m266\u001b[0m     }\n\u001b[7m   \u001b[0m \u001b[91m    ~\u001b[0m\n\u001b[96msrc/settings/ProductConfigPage.tsx\u001b[0m:\u001b[93m650\u001b[0m:\u001b[93m70\u001b[0m - \u001b[91merror\u001b[0m\u001b[90m TS1005: \u001b[0m'...' expected.\n\n\u001b[7m650\u001b[0m                                                                     {coverage.id}\n\u001b[7m   \u001b[0m \u001b[91m                                                                     ~~~~~~~~\u001b[0m\n\u001b[96msrc/settings/ProductConfigPage.tsx\u001b[0m:\u001b[93m651\u001b[0m:\u001b[93m61\u001b[0m - \u001b[91merror\u001b[0m\u001b[90m TS1003: \u001b[0mIdentifier expected.\n\n\u001b[7m651\u001b[0m                                                             </td>\n\u001b[7m   \u001b[0m \u001b[91m                                                            ~~\u001b[0m\n\u001b[96msrc/settings/ProductConfigPage.tsx\u001b[0m:\u001b[93m698\u001b[0m:\u001b[93m78\u001b[0m - \u001b[91merror\u001b[0m\u001b[90m TS1005: \u001b[0m'...' expected.\n\n\u001b[7m698\u001b[0m                                                                             {detail.id}\n\u001b[7m   \u001b[0m \u001b[91m                                                                             ~~~~~~\u001b[0m\n\u001b[96msrc/settings/ProductConfigPage.tsx\u001b[0m:\u001b[93m700\u001b[0m:\u001b[93m73\u001b[0m - \u001b[91merror\u001b[0m\u001b[90m TS1003: \u001b[0mIdentifier expected.\n\n\u001b[7m700\u001b[0m                                                                         </button>\n\u001b[7m   \u001b[0m \u001b[91m                                                                        ~~\u001b[0m\n\u001b[96msrc/settings/ProductConfigPage.tsx\u001b[0m:\u001b[93m700\u001b[0m:\u001b[93m75\u001b[0m - \u001b[91merror\u001b[0m\u001b[90m TS17002: \u001b[0mExpected corresponding JSX closing tag for 'div'.\n\n\u001b[7m700\u001b[0m                                                                         </button>\n\u001b[7m   \u001b[0m \u001b[91m                                                                          ~~~~~~\u001b[0m\n\u001b[96msrc/settings/ProductConfigPage.tsx\u001b[0m:\u001b[93m709\u001b[0m:\u001b[93m69\u001b[0m - \u001b[91merror\u001b[0m\u001b[90m TS1382: \u001b[0mUnexpected token. Did you mean `{'>'}` or `&gt;`?\n\n\u001b[7m709\u001b[0m                                                                     >\n\u001b[7m   \u001b[0m \u001b[91m                                                                    ~\u001b[0m\n\u001b[96msrc/settings/ProductConfigPage.tsx\u001b[0m:\u001b[93m760\u001b[0m:\u001b[93m1\u001b[0m - \u001b[91merror\u001b[0m\u001b[90m TS1128: \u001b[0mDeclaration or statement expected.\n\n\u001b[7m760\u001b[0m }\n\u001b[7m   \u001b[0m \u001b[91m~\u001b[0m\n","diagnosticCodes":[1128,1128,1005,1003,1005,1003,17002,1382,1128]}],"failureMessages":[""],"fullName":"T-settings-products-R05: Product details tabs and audit history drills from sections to coverages to coverage elements","invocations":1,"location":null,"numPassingAsserts":0,"retryReasons":[],"status":"failed","title":"drills from sections to coverages to coverage elements"},{"ancestorTitles":["T-settings-products-R05: Product details tabs and audit history"],"duration":52,"failureDetails":[{"name":"TSError","diagnosticText":"\u001b[96msrc/settings/ProductConfigPage.tsx\u001b[0m:\u001b[93m265\u001b[0m:\u001b[93m9\u001b[0m - \u001b[91merror\u001b[0m\u001b[90m TS1128: \u001b[0mDeclaration or statement expected.\n\n\u001b[7m265\u001b[0m         )\n\u001b[7m   \u001b[0m \u001b[91m        ~\u001b[0m\n\u001b[96msrc/settings/ProductConfigPage.tsx\u001b[0m:\u001b[93m266\u001b[0m:\u001b[93m5\u001b[0m - \u001b[91merror\u001b[0m\u001b[90m TS1128: \u001b[0mDeclaration or statement expected.\n\n\u001b[7m266\u001b[0m     }\n\u001b[7m   \u001b[0m \u001b[91m    ~\u001b[0m\n\u001b[96msrc/settings/ProductConfigPage.tsx\u001b[0m:\u001b[93m650\u001b[0m:\u001b[93m70\u001b[0m - \u001b[91merror\u001b[0m\u001b[90m TS1005: \u001b[0m'...' expected.\n\n\u001b[7m650\u001b[0m                                                                     {coverage.id}\n\u001b[7m   \u001b[0m \u001b[91m                                                                     ~~~~~~~~\u001b[0m\n\u001b[96msrc/settings/ProductConfigPage.tsx\u001b[0m:\u001b[93m651\u001b[0m:\u001b[93m61\u001b[0m - \u001b[91merror\u001b[0m\u001b[90m TS1003: \u001b[0mIdentifier expected.\n\n\u001b[7m651\u001b[0m                                                             </td>\n\u001b[7m   \u001b[0m \u001b[91m                                                            ~~\u001b[0m\n\u001b[96msrc/settings/ProductConfigPage.tsx\u001b[0m:\u001b[93m698\u001b[0m:\u001b[93m78\u001b[0m - \u001b[91merror\u001b[0m\u001b[90m TS1005: \u001b[0m'...' expected.\n\n\u001b[7m698\u001b[0m                                                                             {detail.id}\n\u001b[7m   \u001b[0m \u001b[91m                                                                             ~~~~~~\u001b[0m\n\u001b[96msrc/settings/ProductConfigPage.tsx\u001b[0m:\u001b[93m700\u001b[0m:\u001b[93m73\u001b[0m - \u001b[91merror\u001b[0m\u001b[90m TS1003: \u001b[0mIdentifier expected.\n\n\u001b[7m700\u001b[0m                                                                         </button>\n\u001b[7m   \u001b[0m \u001b[91m                                                                        ~~\u001b[0m\n\u001b[96msrc/settings/ProductConfigPage.tsx\u001b[0m:\u001b[93m700\u001b[0m:\u001b[93m75\u001b[0m - \u001b[91merror\u001b[0m\u001b[90m TS17002: \u001b[0mExpected corresponding JSX closing tag for 'div'.\n\n\u001b[7m700\u001b[0m                                                                         </button>\n\u001b[7m   \u001b[0m \u001b[91m                                                                          ~~~~~~\u001b[0m\n\u001b[96msrc/settings/ProductConfigPage.tsx\u001b[0m:\u001b[93m709\u001b[0m:\u001b[93m69\u001b[0m - \u001b[91merror\u001b[0m\u001b[90m TS1382: \u001b[0mUnexpected token. Did you mean `{'>'}` or `&gt;`?\n\n\u001b[7m709\u001b[0m                                                                     >\n\u001b[7m   \u001b[0m \u001b[91m                                                                    ~\u001b[0m\n\u001b[96msrc/settings/ProductConfigPage.tsx\u001b[0m:\u001b[93m760\u001b[0m:\u001b[93m1\u001b[0m - \u001b[91merror\u001b[0m\u001b[90m TS1128: \u001b[0mDeclaration or statement expected.\n\n\u001b[7m760\u001b[0m }\n\u001b[7m   \u001b[0m \u001b[91m~\u001b[0m\n","diagnosticCodes":[1128,1128,1005,1003,1005,1003,17002,1382,1128]}],"failureMessages":[""],"fullName":"T-settings-products-R05: Product details tabs and audit history fetches and displays product audit history on Audit tab click","invocations":1,"location":null,"numPassingAsserts":0,"retryReasons":[],"status":"failed","title":"fetches and displays product audit history on Audit tab click"}],"endTime":1784375426845,"message":"\u001b[1m\u001b[31m  \u001b[1m● \u001b[22m\u001b[1mT-settings-products-R04: Product details page shows editable fields › fetches product and displays Name in an editable input\u001b[39m\u001b[22m\n\n\n\u001b[2m\u001b[22m\n\u001b[2m\u001b[22m\n\n\u001b[1m\u001b[31m  \u001b[1m● \u001b[22m\u001b[1mT-settings-products-R04: Product details page shows editable fields › Save action calls PUT and shows toast\u001b[39m\u001b[22m\n\n\n\u001b[2m\u001b[22m\n\u001b[2m\u001b[22m\n\n\u001b[1m\u001b[31m  \u001b[1m● \u001b[22m\u001b[1mT-settings-products-R04: Product details page shows editable fields › renders Year of Account label\u001b[39m\u001b[22m\n\n\n\u001b[2m\u001b[22m\n\u001b[2m\u001b[22m\n\n\u001b[1m\u001b[31m  \u001b[1m● \u001b[22m\u001b[1mT-settings-products-R04: Product details page shows editable fields › highlights the name field when saving with an empty name\u001b[39m\u001b[22m\n\n\n\u001b[2m\u001b[22m\n\u001b[2m\u001b[22m\n\n\u001b[1m\u001b[31m  \u001b[1m● \u001b[22m\u001b[1mT-settings-products-R04b: new product detail route opens without an id › renders a blank Product Configuration page for /settings/products/new\u001b[39m\u001b[22m\n\n\n\u001b[2m\u001b[22m\n\u001b[2m\u001b[22m\n\n\u001b[1m\u001b[31m  \u001b[1m● \u001b[22m\u001b[1mT-settings-products-R05: Product details tabs and audit history › renders Product Details and Audit tabs\u001b[39m\u001b[22m\n\n\n\u001b[2m\u001b[22m\n\u001b[2m\u001b[22m\n\n\u001b[1m\u001b[31m  \u001b[1m● \u001b[22m\u001b[1mT-settings-products-R05: Product details tabs and audit history › drills from sections to coverages to coverage elements\u001b[39m\u001b[22m\n\n\n\u001b[2m\u001b[22m\n\u001b[2m\u001b[22m\n\n\u001b[1m\u001b[31m  \u001b[1m● \u001b[22m\u001b[1mT-settings-products-R05: Product details tabs and audit history › fetches and displays product audit history on Audit tab click\u001b[39m\u001b[22m\n\n\n\u001b[2m\u001b[22m\n\u001b[2m\u001b[22m\n","name":"C:\\Users\\samhe\\OneDrive\\Desktop\\Cleaned\\frontend\\src\\settings\\__tests__\\ProductPages.test.tsx","startTime":1784375423203,"status":"failed","summary":""}],"wasInterrupted":false}
