{"numFailedTestSuites":1,"numFailedTests":4,"numPassedTestSuites":0,"numPassedTests":3,"numPendingTestSuites":0,"numPendingTests":38,"numRuntimeErrorTestSuites":0,"numTodoTests":0,"numTotalTestSuites":1,"numTotalTests":45,"openHandles":[],"snapshot":{"added":0,"didUpdate":false,"failure":false,"filesAdded":0,"filesRemoved":0,"filesRemovedList":[],"filesUnmatched":0,"filesUpdated":0,"matched":0,"total":0,"unchecked":0,"uncheckedKeysByFile":[],"unmatched":0,"updated":0},"startTime":1783578261727,"success":false,"testResults":[{"assertionResults":[{"ancestorTitles":["T-settings-rating-R01: RatingRulesPage accessible to client_admin"],"duration":null,"failureDetails":[],"failureMessages":[],"fullName":"T-settings-rating-R01: RatingRulesPage accessible to client_admin renders without crash for client_admin","invocations":1,"location":null,"numPassingAsserts":0,"retryReasons":[],"status":"pending","title":"renders without crash for client_admin"},{"ancestorTitles":["T-settings-rating-R02: schedules table columns and data"],"duration":null,"failureDetails":[],"failureMessages":[],"fullName":"T-settings-rating-R02: schedules table columns and data displays schedule names from the API response","invocations":1,"location":null,"numPassingAsserts":0,"retryReasons":[],"status":"pending","title":"displays schedule names from the API response"},{"ancestorTitles":["T-settings-rating-R02: schedules table columns and data"],"duration":null,"failureDetails":[],"failureMessages":[],"fullName":"T-settings-rating-R02: schedules table columns and data renders the Name, Effective From, Effective To, Status columns","invocations":1,"location":null,"numPassingAsserts":0,"retryReasons":[],"status":"pending","title":"renders the Name, Effective From, Effective To, Status columns"},{"ancestorTitles":["T-settings-rating-R03: open-schedule magnifying glass navigates to detail page"],"duration":null,"failureDetails":[],"failureMessages":[],"fullName":"T-settings-rating-R03: open-schedule magnifying glass navigates to detail page navigates to /settings/rating-rules/:id when magnifying glass is clicked","invocations":1,"location":null,"numPassingAsserts":0,"retryReasons":[],"status":"pending","title":"navigates to /settings/rating-rules/:id when magnifying glass is clicked"},{"ancestorTitles":["T-settings-rating-R07: detail page effective dates are editable date inputs"],"duration":null,"failureDetails":[],"failureMessages":[],"fullName":"T-settings-rating-R07: detail page effective dates are editable date inputs renders an editable date input for Effective From","invocations":1,"location":null,"numPassingAsserts":0,"retryReasons":[],"status":"pending","title":"renders an editable date input for Effective From"},{"ancestorTitles":["T-settings-rating-R07: detail page effective dates are editable date inputs"],"duration":null,"failureDetails":[],"failureMessages":[],"fullName":"T-settings-rating-R07: detail page effective dates are editable date inputs renders an editable date input for Expiry Date","invocations":1,"location":null,"numPassingAsserts":0,"retryReasons":[],"status":"pending","title":"renders an editable date input for Expiry Date"},{"ancestorTitles":["T-settings-rating-R08: detail page registers sidebar section"],"duration":null,"failureDetails":[],"failureMessages":[],"fullName":"T-settings-rating-R08: detail page registers sidebar section calls useSidebarSection with Rating Rules title","invocations":1,"location":null,"numPassingAsserts":0,"retryReasons":[],"status":"pending","title":"calls useSidebarSection with Rating Rules title"},{"ancestorTitles":["T-settings-rating-R04: detail page fetches and shows schedule header"],"duration":null,"failureDetails":[],"failureMessages":[],"fullName":"T-settings-rating-R04: detail page fetches and shows schedule header fetches the schedule by id and pre-populates the name field","invocations":1,"location":null,"numPassingAsserts":0,"retryReasons":[],"status":"pending","title":"fetches the schedule by id and pre-populates the name field"},{"ancestorTitles":["T-settings-rating-R04: detail page fetches and shows schedule header"],"duration":null,"failureDetails":[],"failureMessages":[],"fullName":"T-settings-rating-R04: detail page fetches and shows schedule header fetches rules for the schedule","invocations":1,"location":null,"numPassingAsserts":0,"retryReasons":[],"status":"pending","title":"fetches rules for the schedule"},{"ancestorTitles":["T-settings-rating-R05: rules table displays groups and add buttons"],"duration":null,"failureDetails":[],"failureMessages":[],"fullName":"T-settings-rating-R05: rules table displays groups and add buttons displays existing group name in the table","invocations":1,"location":null,"numPassingAsserts":0,"retryReasons":[],"status":"pending","title":"displays existing group name in the table"},{"ancestorTitles":["T-settings-rating-R05: rules table displays groups and add buttons"],"duration":null,"failureDetails":[],"failureMessages":[],"fullName":"T-settings-rating-R05: rules table displays groups and add buttons renders an \"Add group\" FiPlus button in the rules table header","invocations":1,"location":null,"numPassingAsserts":0,"retryReasons":[],"status":"pending","title":"renders an \"Add group\" FiPlus button in the rules table header"},{"ancestorTitles":["T-settings-rating-R06: sidebar Save triggers PUT on the schedule"],"duration":null,"failureDetails":[],"failureMessages":[],"fullName":"T-settings-rating-R06: sidebar Save triggers PUT on the schedule calls PUT /api/rating-schedules/:id and shows toast on success","invocations":1,"location":null,"numPassingAsserts":0,"retryReasons":[],"status":"pending","title":"calls PUT /api/rating-schedules/:id and shows toast on success"},{"ancestorTitles":["T-settings-rating-R10: list page registers Rating Rules sidebar section"],"duration":null,"failureDetails":[],"failureMessages":[],"fullName":"T-settings-rating-R10: list page registers Rating Rules sidebar section calls useSidebarSection with Rating Rules title","invocations":1,"location":null,"numPassingAsserts":0,"retryReasons":[],"status":"pending","title":"calls useSidebarSection with Rating Rules title"},{"ancestorTitles":["T-settings-rating-R11: unsaved changes banner"],"duration":null,"failureDetails":[],"failureMessages":[],"fullName":"T-settings-rating-R11: unsaved changes banner T-settings-rating-R11a: shows warning notification when inline row has a name entered","invocations":1,"location":null,"numPassingAsserts":0,"retryReasons":[],"status":"pending","title":"T-settings-rating-R11a: shows warning notification when inline row has a name entered"},{"ancestorTitles":["T-settings-rating-R11: unsaved changes banner"],"duration":null,"failureDetails":[],"failureMessages":[],"fullName":"T-settings-rating-R11: unsaved changes banner T-settings-rating-R11b: removes warning notification when inline row is cancelled","invocations":1,"location":null,"numPassingAsserts":0,"retryReasons":[],"status":"pending","title":"T-settings-rating-R11b: removes warning notification when inline row is cancelled"},{"ancestorTitles":["T-settings-rating-R11: unsaved changes banner"],"duration":null,"failureDetails":[],"failureMessages":[],"fullName":"T-settings-rating-R11: unsaved changes banner T-settings-rating-R11c: pushes the unsaved warning only once for multiple edits","invocations":1,"location":null,"numPassingAsserts":0,"retryReasons":[],"status":"pending","title":"T-settings-rating-R11c: pushes the unsaved warning only once for multiple edits"},{"ancestorTitles":["T-settings-rating-R27: inline create tick creates schedule and opens detail"],"duration":208,"failureDetails":[{"name":"TSError","diagnosticText":"\u001b[96msrc/settings/RatingRulesPage.tsx\u001b[0m:\u001b[93m189\u001b[0m:\u001b[93m34\u001b[0m - \u001b[91merror\u001b[0m\u001b[90m TS17008: \u001b[0mJSX element 'th' has no corresponding closing tag.\n\n\u001b[7m189\u001b[0m                                 <th style={{ width: 64 }} className=\"cursor-pointer select-none\" onClick={() => handleSort('id')}>\n\u001b[7m   \u001b[0m \u001b[91m                                 ~~\u001b[0m\n","diagnosticCodes":[17008]}],"failureMessages":[""],"fullName":"T-settings-rating-R27: inline create tick creates schedule and opens detail T-settings-rating-R27a: clicking the green tick posts and navigates to the new detail page","invocations":1,"location":null,"numPassingAsserts":0,"retryReasons":[],"status":"failed","title":"T-settings-rating-R27a: clicking the green tick posts and navigates to the new detail page"},{"ancestorTitles":["T-settings-rating-R27: inline create tick creates schedule and opens detail"],"duration":70,"failureDetails":[{"name":"TSError","diagnosticText":"\u001b[96msrc/settings/RatingRulesPage.tsx\u001b[0m:\u001b[93m189\u001b[0m:\u001b[93m34\u001b[0m - \u001b[91merror\u001b[0m\u001b[90m TS17008: \u001b[0mJSX element 'th' has no corresponding closing tag.\n\n\u001b[7m189\u001b[0m                                 <th style={{ width: 64 }} className=\"cursor-pointer select-none\" onClick={() => handleSort('id')}>\n\u001b[7m   \u001b[0m \u001b[91m                                 ~~\u001b[0m\n","diagnosticCodes":[17008]}],"failureMessages":[""],"fullName":"T-settings-rating-R27: inline create tick creates schedule and opens detail T-settings-rating-R27b: surfaces an error notification and does not navigate when creation fails","invocations":1,"location":null,"numPassingAsserts":0,"retryReasons":[],"status":"failed","title":"T-settings-rating-R27b: surfaces an error notification and does not navigate when creation fails"},{"ancestorTitles":["T-settings-rating-R28: inline date defaults"],"duration":52,"failureDetails":[{"name":"TSError","diagnosticText":"\u001b[96msrc/settings/RatingRulesPage.tsx\u001b[0m:\u001b[93m189\u001b[0m:\u001b[93m34\u001b[0m - \u001b[91merror\u001b[0m\u001b[90m TS17008: \u001b[0mJSX element 'th' has no corresponding closing tag.\n\n\u001b[7m189\u001b[0m                                 <th style={{ width: 64 }} className=\"cursor-pointer select-none\" onClick={() => handleSort('id')}>\n\u001b[7m   \u001b[0m \u001b[91m                                 ~~\u001b[0m\n","diagnosticCodes":[17008]}],"failureMessages":[""],"fullName":"T-settings-rating-R28: inline date defaults T-settings-rating-R28a: defaults Effective To to Effective From + 1 year","invocations":1,"location":null,"numPassingAsserts":0,"retryReasons":[],"status":"failed","title":"T-settings-rating-R28a: defaults Effective To to Effective From + 1 year"},{"ancestorTitles":["T-settings-rating-R28: inline date defaults"],"duration":46,"failureDetails":[{"name":"TSError","diagnosticText":"\u001b[96msrc/settings/RatingRulesPage.tsx\u001b[0m:\u001b[93m189\u001b[0m:\u001b[93m34\u001b[0m - \u001b[91merror\u001b[0m\u001b[90m TS17008: \u001b[0mJSX element 'th' has no corresponding closing tag.\n\n\u001b[7m189\u001b[0m                                 <th style={{ width: 64 }} className=\"cursor-pointer select-none\" onClick={() => handleSort('id')}>\n\u001b[7m   \u001b[0m \u001b[91m                                 ~~\u001b[0m\n","diagnosticCodes":[17008]}],"failureMessages":[""],"fullName":"T-settings-rating-R28: inline date defaults T-settings-rating-R28b: preserves manually edited Effective To when Effective From changes again","invocations":1,"location":null,"numPassingAsserts":0,"retryReasons":[],"status":"failed","title":"T-settings-rating-R28b: preserves manually edited Effective To when Effective From changes again"},{"ancestorTitles":["T-settings-rating-R12: open schedule magnifying glass navigates to detail page"],"duration":null,"failureDetails":[],"failureMessages":[],"fullName":"T-settings-rating-R12: open schedule magnifying glass navigates to detail page clicking the magnifying glass on a row navigates to /settings/rating-rules/:id","invocations":1,"location":null,"numPassingAsserts":0,"retryReasons":[],"status":"pending","title":"clicking the magnifying glass on a row navigates to /settings/rating-rules/:id"},{"ancestorTitles":["T-settings-rating-R17: schedule ID column in list page"],"duration":null,"failureDetails":[],"failureMessages":[],"fullName":"T-settings-rating-R17: schedule ID column in list page renders an ID column header","invocations":1,"location":null,"numPassingAsserts":0,"retryReasons":[],"status":"pending","title":"renders an ID column header"},{"ancestorTitles":["T-settings-rating-R17: schedule ID column in list page"],"duration":null,"failureDetails":[],"failureMessages":[],"fullName":"T-settings-rating-R17: schedule ID column in list page displays schedule IDs in the table rows","invocations":1,"location":null,"numPassingAsserts":0,"retryReasons":[],"status":"pending","title":"displays schedule IDs in the table rows"},{"ancestorTitles":["T-settings-rating-R18: detail page shows schedule ID in metadata card"],"duration":null,"failureDetails":[],"failureMessages":[],"fullName":"T-settings-rating-R18: detail page shows schedule ID in metadata card renders a \"Schedule ID\" label","invocations":1,"location":null,"numPassingAsserts":0,"retryReasons":[],"status":"pending","title":"renders a \"Schedule ID\" label"},{"ancestorTitles":["T-settings-rating-R19: detail page title shows \"Rating Profile: {name}\""],"duration":null,"failureDetails":[],"failureMessages":[],"fullName":"T-settings-rating-R19: detail page title shows \"Rating Profile: {name}\" renders \"Rating Profile: {schedule name}\" as the page h2 heading","invocations":1,"location":null,"numPassingAsserts":0,"retryReasons":[],"status":"pending","title":"renders \"Rating Profile: {schedule name}\" as the page h2 heading"},{"ancestorTitles":["T-settings-rating-R20: detail page has no in-page back arrow button"],"duration":null,"failureDetails":[],"failureMessages":[],"fullName":"T-settings-rating-R20: detail page has no in-page back arrow button does not render a back navigation button on the page","invocations":1,"location":null,"numPassingAsserts":0,"retryReasons":[],"status":"pending","title":"does not render a back navigation button on the page"},{"ancestorTitles":["T-settings-rating-R21: detail page has no in-page Save button"],"duration":null,"failureDetails":[],"failureMessages":[],"fullName":"T-settings-rating-R21: detail page has no in-page Save button does not render a standalone Save button in the page body","invocations":1,"location":null,"numPassingAsserts":0,"retryReasons":[],"status":"pending","title":"does not render a standalone Save button in the page body"},{"ancestorTitles":["T-settings-rating-R22: group-based table renders from API"],"duration":null,"failureDetails":[],"failureMessages":[],"fullName":"T-settings-rating-R22: group-based table renders from API shows group name input populated from API","invocations":1,"location":null,"numPassingAsserts":0,"retryReasons":[],"status":"pending","title":"shows group name input populated from API"},{"ancestorTitles":["T-settings-rating-R22: group-based table renders from API"],"duration":null,"failureDetails":[],"failureMessages":[],"fullName":"T-settings-rating-R22: group-based table renders from API shows group rate input populated from API","invocations":1,"location":null,"numPassingAsserts":0,"retryReasons":[],"status":"pending","title":"shows group rate input populated from API"},{"ancestorTitles":["T-settings-rating-R23: Field dropdown contains correct options"],"duration":null,"failureDetails":[],"failureMessages":[],"fullName":"T-settings-rating-R23: Field dropdown contains correct options renders a Field select with Postcode and Country options","invocations":1,"location":null,"numPassingAsserts":0,"retryReasons":[],"status":"pending","title":"renders a Field select with Postcode and Country options"},{"ancestorTitles":["T-settings-rating-R24: Operator dropdown contains correct options"],"duration":null,"failureDetails":[],"failureMessages":[],"fullName":"T-settings-rating-R24: Operator dropdown contains correct options renders Operator selects with Equals and Starts With options","invocations":1,"location":null,"numPassingAsserts":0,"retryReasons":[],"status":"pending","title":"renders Operator selects with Equals and Starts With options"},{"ancestorTitles":["T-settings-rating-R25: Logic column shows IF for first condition"],"duration":null,"failureDetails":[],"failureMessages":[],"fullName":"T-settings-rating-R25: Logic column shows IF for first condition shows IF badge for the first condition in a group","invocations":1,"location":null,"numPassingAsserts":0,"retryReasons":[],"status":"pending","title":"shows IF badge for the first condition in a group"},{"ancestorTitles":["T-settings-rating-R25: Logic column shows IF for first condition"],"duration":null,"failureDetails":[],"failureMessages":[],"fullName":"T-settings-rating-R25: Logic column shows IF for first condition shows AND/OR select for the second condition in a group","invocations":1,"location":null,"numPassingAsserts":0,"retryReasons":[],"status":"pending","title":"shows AND/OR select for the second condition in a group"},{"ancestorTitles":["T-settings-rating-R26: Add Group button appends a new group"],"duration":null,"failureDetails":[],"failureMessages":[],"fullName":"T-settings-rating-R26: Add Group button appends a new group adds a new group when Add group is clicked","invocations":1,"location":null,"numPassingAsserts":0,"retryReasons":[],"status":"pending","title":"adds a new group when Add group is clicked"},{"ancestorTitles":["T-settings-rating-R27: Add Condition button appends condition to group"],"duration":598,"failureDetails":[],"failureMessages":[],"fullName":"T-settings-rating-R27: Add Condition button appends condition to group adds a condition row when Add condition is clicked","invocations":1,"location":null,"numPassingAsserts":1,"retryReasons":[],"status":"passed","title":"adds a condition row when Add condition is clicked"},{"ancestorTitles":["T-settings-rating-R28: Delete group and delete condition buttons"],"duration":133,"failureDetails":[],"failureMessages":[],"fullName":"T-settings-rating-R28: Delete group and delete condition buttons removes the group when Delete group is clicked","invocations":1,"location":null,"numPassingAsserts":1,"retryReasons":[],"status":"passed","title":"removes the group when Delete group is clicked"},{"ancestorTitles":["T-settings-rating-R28: Delete group and delete condition buttons"],"duration":267,"failureDetails":[],"failureMessages":[],"fullName":"T-settings-rating-R28: Delete group and delete condition buttons removes a condition when Delete condition is clicked","invocations":1,"location":null,"numPassingAsserts":1,"retryReasons":[],"status":"passed","title":"removes a condition when Delete condition is clicked"},{"ancestorTitles":["T-settings-rating-R29: Move group up/down buttons are rendered"],"duration":null,"failureDetails":[],"failureMessages":[],"fullName":"T-settings-rating-R29: Move group up/down buttons are rendered renders Move group up and Move group down buttons on a group header","invocations":1,"location":null,"numPassingAsserts":0,"retryReasons":[],"status":"pending","title":"renders Move group up and Move group down buttons on a group header"},{"ancestorTitles":["T-settings-rating-R30: Move condition up/down buttons are rendered"],"duration":null,"failureDetails":[],"failureMessages":[],"fullName":"T-settings-rating-R30: Move condition up/down buttons are rendered renders Move condition up and Move condition down buttons on condition rows","invocations":1,"location":null,"numPassingAsserts":0,"retryReasons":[],"status":"pending","title":"renders Move condition up and Move condition down buttons on condition rows"},{"ancestorTitles":["T-settings-rating-R09: Create New Schedule"],"duration":null,"failureDetails":[],"failureMessages":[],"fullName":"T-settings-rating-R09: Create New Schedule T-settings-rating-R09a: renders an \"Add schedule\" button in the grid header","invocations":1,"location":null,"numPassingAsserts":0,"retryReasons":[],"status":"pending","title":"T-settings-rating-R09a: renders an \"Add schedule\" button in the grid header"},{"ancestorTitles":["T-settings-rating-R09: Create New Schedule"],"duration":null,"failureDetails":[],"failureMessages":[],"fullName":"T-settings-rating-R09: Create New Schedule T-settings-rating-R09b: clicking the add button shows an inline create row with date fields","invocations":1,"location":null,"numPassingAsserts":0,"retryReasons":[],"status":"pending","title":"T-settings-rating-R09b: clicking the add button shows an inline create row with date fields"},{"ancestorTitles":["T-settings-rating-R09: Create New Schedule"],"duration":null,"failureDetails":[],"failureMessages":[],"fullName":"T-settings-rating-R09: Create New Schedule T-settings-rating-R09c: confirming the inline row calls POST /api/rating-schedules with name","invocations":1,"location":null,"numPassingAsserts":0,"retryReasons":[],"status":"pending","title":"T-settings-rating-R09c: confirming the inline row calls POST /api/rating-schedules with name"},{"ancestorTitles":["T-settings-rating-R09: Create New Schedule"],"duration":null,"failureDetails":[],"failureMessages":[],"fullName":"T-settings-rating-R09: Create New Schedule T-settings-rating-R09d: on success navigates to the new schedule detail page","invocations":1,"location":null,"numPassingAsserts":0,"retryReasons":[],"status":"pending","title":"T-settings-rating-R09d: on success navigates to the new schedule detail page"},{"ancestorTitles":["T-settings-rating-R09: Create New Schedule"],"duration":null,"failureDetails":[],"failureMessages":[],"fullName":"T-settings-rating-R09: Create New Schedule T-settings-rating-R09e: Create button is disabled when name field is empty","invocations":1,"location":null,"numPassingAsserts":0,"retryReasons":[],"status":"pending","title":"T-settings-rating-R09e: Create button is disabled when name field is empty"},{"ancestorTitles":["T-settings-rating-R09: Create New Schedule"],"duration":null,"failureDetails":[],"failureMessages":[],"fullName":"T-settings-rating-R09: Create New Schedule T-settings-rating-R09f: Cancel button hides the inline create row","invocations":1,"location":null,"numPassingAsserts":0,"retryReasons":[],"status":"pending","title":"T-settings-rating-R09f: Cancel button hides the inline create row"}],"endTime":1783578265969,"message":"  ● T-settings-rating-R27: inline create tick creates schedule and opens detail › T-settings-rating-R27a: clicking the green tick posts and navigates to the new detail page\n\n\n\n\n\n  ● T-settings-rating-R27: inline create tick creates schedule and opens detail › T-settings-rating-R27b: surfaces an error notification and does not navigate when creation fails\n\n\n\n\n\n  ● T-settings-rating-R28: inline date defaults › T-settings-rating-R28a: defaults Effective To to Effective From + 1 year\n\n\n\n\n\n  ● T-settings-rating-R28: inline date defaults › T-settings-rating-R28b: preserves manually edited Effective To when Effective From changes again\n\n\n\n\n","name":"C:\\Users\\samhe\\OneDrive\\Desktop\\Cleaned\\frontend\\src\\settings\\__tests__\\RatingRulesPage.test.tsx","startTime":1783578262880,"status":"failed","summary":""}],"wasInterrupted":false}
